Getting list of sensors...
Found 2 sensors.
Retrieving sensor data from A4:C1:38:3F:C3:20
Device with address A4:C1:38:3F:C3:20 was not found.
Getting list of sensors...
Found 2 sensors.
Retrieving sensor data from A4:C1:38:3F:C3:20
Device with address A4:C1:38:3F:C3:20 was not found.
Getting list of sensors...
Found 2 sensors.
Retrieving sensor data from A4:C1:38:3F:C3:20
Device with address A4:C1:38:3F:C3:20 was not found.
Getting list of sensors...
Found 2 sensors.
Retrieving sensor data from A4:C1:38:3F:C3:20
Uploaded sensor data to database.

Retrieving sensor data from A4:C1:38:6B:3A:E2
Uploaded sensor data to database.

Getting list of sensors...
Found 2 sensors.
Retrieving sensor data from A4:C1:38:3F:C3:20
Uploaded sensor data to database.

Retrieving sensor data from A4:C1:38:6B:3A:E2

Getting list of sensors...
Found 2 sensors.
Retrieving sensor data from A4:C1:38:3F:C3:20
Uploaded sensor data to database.

Retrieving sensor data from A4:C1:38:6B:3A:E2
Uploaded sensor data to database.

Getting list of sensors...
Found 2 sensors.
Retrieving sensor data from A4:C1:38:3F:C3:20
Uploaded sensor data to database.

Retrieving sensor data from A4:C1:38:6B:3A:E2
Uploaded sensor data to database.

Getting list of sensors...
Found 2 sensors.
Retrieving sensor data from A4:C1:38:3F:C3:20
Uploaded sensor data to database.

Retrieving sensor data from A4:C1:38:6B:3A:E2
Uploaded sensor data to database.

Getting list of sensors...
Found 2 sensors.
Retrieving sensor data from A4:C1:38:3F:C3:20
Uploaded sensor data to database.

Retrieving sensor data from A4:C1:38:6B:3A:E2
Uploaded sensor data to database.

Getting list of sensors...
Found 2 sensors.
Retrieving sensor data from A4:C1:38:3F:C3:20
Uploaded sensor data to database.

Retrieving sensor data from A4:C1:38:6B:3A:E2
Uploaded sensor data to database.

Getting list of sensors...
Found 2 sensors.
Retrieving sensor data from A4:C1:38:3F:C3:20
Uploaded sensor data to database.

Retrieving sensor data from A4:C1:38:6B:3A:E2
Uploaded sensor data to database.

Getting list of sensors...
Found 2 sensors.
Retrieving sensor data from A4:C1:38:3F:C3:20
Uploaded sensor data to database.

Retrieving sensor data from A4:C1:38:6B:3A:E2
Uploaded sensor data to database.

Getting list of sensors...
Found 2 sensors.
Retrieving sensor data from A4:C1:38:3F:C3:20
Uploaded sensor data to database.

Retrieving sensor data from A4:C1:38:6B:3A:E2
Uploaded sensor data to database.

Getting list of sensors...
Found 2 sensors.
Retrieving sensor data from A4:C1:38:3F:C3:20
Uploaded sensor data to database.

Retrieving sensor data from A4:C1:38:6B:3A:E2
Uploaded sensor data to database.

Getting list of sensors...
Found 2 sensors.
Retrieving sensor data from A4:C1:38:3F:C3:20
Uploaded sensor data to database.

Retrieving sensor data from A4:C1:38:6B:3A:E2
Uploaded sensor data to database.

Getting list of sensors...
Found 2 sensors.
Retrieving sensor data from A4:C1:38:3F:C3:20
Uploaded sensor data to database.

Retrieving sensor data from A4:C1:38:6B:3A:E2
Uploaded sensor data to database.

Getting list of sensors...
Found 2 sensors.
Retrieving sensor data from A4:C1:38:3F:C3:20
Uploaded sensor data to database.

Retrieving sensor data from A4:C1:38:6B:3A:E2
Uploaded sensor data to database.

Getting list of sensors...
Found 2 sensors.
Retrieving sensor data from A4:C1:38:3F:C3:20
Uploaded sensor data to database.

Retrieving sensor data from A4:C1:38:6B:3A:E2
Uploaded sensor data to database.

Getting list of sensors...
Found 2 sensors.
Retrieving sensor data from A4:C1:38:3F:C3:20
Uploaded sensor data to database.

Retrieving sensor data from A4:C1:38:6B:3A:E2
Uploaded sensor data to database.

Getting list of sensors...
Found 2 sensors.
Retrieving sensor data from A4:C1:38:3F:C3:20
Uploaded sensor data to database.

Retrieving sensor data from A4:C1:38:6B:3A:E2
Uploaded sensor data to database.

Getting list of sensors...
Found 2 sensors.
Retrieving sensor data from A4:C1:38:3F:C3:20

Retrieving sensor data from A4:C1:38:6B:3A:E2
Device with address A4:C1:38:6B:3A:E2 was not found.
Getting list of sensors...
Found 2 sensors.
Retrieving sensor data from A4:C1:38:3F:C3:20
Device with address A4:C1:38:3F:C3:20 was not found.
Retrieving sensor data from A4:C1:38:6B:3A:E2
Uploaded sensor data to database.

Getting list of sensors...
Found 2 sensors.
Retrieving sensor data from A4:C1:38:3F:C3:20
Device with address A4:C1:38:3F:C3:20 was not found.
Retrieving sensor data from A4:C1:38:6B:3A:E2
Uploaded sensor data to database.

Getting list of sensors...
Found 2 sensors.
Retrieving sensor data from A4:C1:38:3F:C3:20
Device with address A4:C1:38:3F:C3:20 was not found.
Retrieving sensor data from A4:C1:38:6B:3A:E2
Uploaded sensor data to database.

Getting list of sensors...
Found 2 sensors.
Retrieving sensor data from A4:C1:38:3F:C3:20
Device with address A4:C1:38:3F:C3:20 was not found.
Retrieving sensor data from A4:C1:38:6B:3A:E2

Getting list of sensors...
Found 2 sensors.
Retrieving sensor data from A4:C1:38:3F:C3:20
Device with address A4:C1:38:3F:C3:20 was not found.
Retrieving sensor data from A4:C1:38:6B:3A:E2
Uploaded sensor data to database.

Getting list of sensors...
Found 2 sensors.
Retrieving sensor data from A4:C1:38:3F:C3:20
Device with address A4:C1:38:3F:C3:20 was not found.
Retrieving sensor data from A4:C1:38:6B:3A:E2
Uploaded sensor data to database.

Getting list of sensors...
Found 2 sensors.
Retrieving sensor data from A4:C1:38:3F:C3:20
Device with address A4:C1:38:3F:C3:20 was not found.
Retrieving sensor data from A4:C1:38:6B:3A:E2
Uploaded sensor data to database.

Getting list of sensors...
Found 2 sensors.
Retrieving sensor data from A4:C1:38:3F:C3:20
Device with address A4:C1:38:3F:C3:20 was not found.
Retrieving sensor data from A4:C1:38:6B:3A:E2
Uploaded sensor data to database.

Getting list of sensors...
Found 2 sensors.
Retrieving sensor data from A4:C1:38:3F:C3:20
Device with address A4:C1:38:3F:C3:20 was not found.
Retrieving sensor data from A4:C1:38:6B:3A:E2
Uploaded sensor data to database.

Getting list of sensors...
Found 2 sensors.
Retrieving sensor data from A4:C1:38:3F:C3:20
Device with address A4:C1:38:3F:C3:20 was not found.
Retrieving sensor data from A4:C1:38:6B:3A:E2
Uploaded sensor data to database.

Getting list of sensors...
Found 2 sensors.
Retrieving sensor data from A4:C1:38:3F:C3:20
Device with address A4:C1:38:3F:C3:20 was not found.
Retrieving sensor data from A4:C1:38:6B:3A:E2
Uploaded sensor data to database.

Getting list of sensors...
Found 2 sensors.
Retrieving sensor data from A4:C1:38:3F:C3:20
Device with address A4:C1:38:3F:C3:20 was not found.
Retrieving sensor data from A4:C1:38:6B:3A:E2
Uploaded sensor data to database.

Getting list of sensors...
Found 2 sensors.
Retrieving sensor data from A4:C1:38:3F:C3:20
Uploaded sensor data to database.

Retrieving sensor data from A4:C1:38:6B:3A:E2
Uploaded sensor data to database.

Getting list of sensors...
Found 2 sensors.
Retrieving sensor data from A4:C1:38:3F:C3:20
Uploaded sensor data to database.

Retrieving sensor data from A4:C1:38:6B:3A:E2
Uploaded sensor data to database.

Getting list of sensors...
Found 2 sensors.
Retrieving sensor data from A4:C1:38:3F:C3:20
Uploaded sensor data to database.

Retrieving sensor data from A4:C1:38:6B:3A:E2
Uploaded sensor data to database.

Getting list of sensors...
Found 2 sensors.
Retrieving sensor data from A4:C1:38:3F:C3:20
Uploaded sensor data to database.

Retrieving sensor data from A4:C1:38:6B:3A:E2
Uploaded sensor data to database.

Getting list of sensors...
Found 2 sensors.
Retrieving sensor data from A4:C1:38:3F:C3:20
Uploaded sensor data to database.

Retrieving sensor data from A4:C1:38:6B:3A:E2
Uploaded sensor data to database.

Getting list of sensors...
Found 2 sensors.
Retrieving sensor data from A4:C1:38:3F:C3:20
Uploaded sensor data to database.

Retrieving sensor data from A4:C1:38:6B:3A:E2
Uploaded sensor data to database.

Getting list of sensors...
Found 2 sensors.
Retrieving sensor data from A4:C1:38:3F:C3:20
Uploaded sensor data to database.

Retrieving sensor data from A4:C1:38:6B:3A:E2
Uploaded sensor data to database.

Getting list of sensors...
Found 2 sensors.
Retrieving sensor data from A4:C1:38:3F:C3:20
Uploaded sensor data to database.

Retrieving sensor data from A4:C1:38:6B:3A:E2
Uploaded sensor data to database.

Getting list of sensors...
Found 2 sensors.
Retrieving sensor data from A4:C1:38:3F:C3:20
Uploaded sensor data to database.

Retrieving sensor data from A4:C1:38:6B:3A:E2
Uploaded sensor data to database.

Getting list of sensors...
Found 2 sensors.
Retrieving sensor data from A4:C1:38:3F:C3:20
Uploaded sensor data to database.

Retrieving sensor data from A4:C1:38:6B:3A:E2
Uploaded sensor data to database.

Getting list of sensors...
Found 2 sensors.
Retrieving sensor data from A4:C1:38:3F:C3:20
Uploaded sensor data to database.

Retrieving sensor data from A4:C1:38:6B:3A:E2
Uploaded sensor data to database.

Getting list of sensors...
Found 2 sensors.
Retrieving sensor data from A4:C1:38:3F:C3:20
Uploaded sensor data to database.

Retrieving sensor data from A4:C1:38:6B:3A:E2
Uploaded sensor data to database.

Connecting...
Services...
Service <uuid=Generic Access handleStart=1 handleEnd=7>
00001800-0000-1000-8000-00805f9b34fb
Service <uuid=Generic Attribute handleStart=8 handleEnd=11>
00001801-0000-1000-8000-00805f9b34fb
Service <uuid=Device Information handleStart=12 handleEnd=24>
0000180a-0000-1000-8000-00805f9b34fb
Service <uuid=Battery Service handleStart=25 handleEnd=28>
0000180f-0000-1000-8000-00805f9b34fb
Service <uuid=00010203-0405-0607-0809-0a0b0c0d1912 handleStart=29 handleEnd=32>
00010203-0405-0607-0809-0a0b0c0d1912
Service <uuid=ebe0ccb0-7a0a-4b0c-8a1a-6ff2997da3a6 handleStart=33 handleEnd=78>
ebe0ccb0-7a0a-4b0c-8a1a-6ff2997da3a6
Service <uuid=8edffff0-3d1b-9c37-4623-ad7265f14076 handleStart=79 handleEnd=93>
8edffff0-3d1b-9c37-4623-ad7265f14076
Service <uuid=fe95 handleStart=94 handleEnd=113>
0000fe95-0000-1000-8000-00805f9b34fb
Service <uuid=00000100-0065-6c62-2e74-6f696d2e696d handleStart=114 handleEnd=122>
00000100-0065-6c62-2e74-6f696d2e696d
Living Room:
   Temperature: 27.9
   Humidity: 0.64
   Battery: 0.99

Bathroom:
   Temperature: 28.05
   Humidity: 0.65
   Battery: 0.99

Getting list of sensors...
Found 2 sensors.
Retrieving sensor data from A4:C1:38:3F:C3:20
Uploaded sensor data to database.

Retrieving sensor data from A4:C1:38:6B:3A:E2
Uploaded sensor data to database.

Getting list of sensors...
Found 2 sensors.
Retrieving sensor data from A4:C1:38:3F:C3:20
[org.bluez.Error.Failed] Software caused connection abort
Getting list of sensors...
Found 2 sensors.
Retrieving sensor data from A4:C1:38:3F:C3:20
Uploaded sensor data to database.

Retrieving sensor data from A4:C1:38:6B:3A:E2
Uploaded sensor data to database.

Getting list of sensors...
Found 2 sensors.
Retrieving sensor data from A4:C1:38:3F:C3:20
Device with address A4:C1:38:3F:C3:20 was not found.
Getting list of sensors...
Found 2 sensors.
Retrieving sensor data from A4:C1:38:3F:C3:20
Uploaded sensor data to database.

Retrieving sensor data from A4:C1:38:6B:3A:E2
Uploaded sensor data to database.

Getting list of sensors...
Found 2 sensors.
Retrieving sensor data from A4:C1:38:3F:C3:20
Uploaded sensor data to database.

Retrieving sensor data from A4:C1:38:6B:3A:E2
Uploaded sensor data to database.

Getting list of sensors...
Found 2 sensors.
Retrieving sensor data from A4:C1:38:3F:C3:20
Uploaded sensor data to database.

Retrieving sensor data from A4:C1:38:6B:3A:E2
Uploaded sensor data to database.

Getting list of sensors...
Found 2 sensors.
Retrieving sensor data from A4:C1:38:3F:C3:20
[org.bluez.Error.Failed] Software caused connection abort
Getting list of sensors...
Found 2 sensors.
Retrieving sensor data from A4:C1:38:3F:C3:20
Uploaded sensor data to database.

Retrieving sensor data from A4:C1:38:6B:3A:E2
Uploaded sensor data to database.

Getting list of sensors...
Found 2 sensors.
Retrieving sensor data from A4:C1:38:3F:C3:20
Uploaded sensor data to database.

Retrieving sensor data from A4:C1:38:6B:3A:E2
Uploaded sensor data to database.

Getting list of sensors...
Found 2 sensors.
Retrieving sensor data from A4:C1:38:3F:C3:20
Uploaded sensor data to database.

Retrieving sensor data from A4:C1:38:6B:3A:E2
Getting list of sensors...
Found 2 sensors.
Retrieving sensor data from A4:C1:38:3F:C3:20
2023-09-15 14:25:02 Getting list of sensors...
2023-09-15 14:25:02 Found 2 sensors.
2023-09-15 14:25:02 Retrieving sensor data from A4:C1:38:3F:C3:20
2023-09-15 14:25:09 Uploaded sensor data to database.
2023-09-15 14:25:09 Retrieving sensor data from A4:C1:38:6B:3A:E2
2023-09-15 14:25:17 Uploaded sensor data to database.
2023-09-15 14:30:02 Getting list of sensors...
2023-09-15 14:30:02 Found 2 sensors.
2023-09-15 14:30:02 Retrieving sensor data from A4:C1:38:3F:C3:20
2023-09-15 14:30:09 Uploaded sensor data to database.
2023-09-15 14:30:09 Retrieving sensor data from A4:C1:38:6B:3A:E2
2023-09-15 14:35:02 Getting list of sensors...
2023-09-15 14:35:02 Found 2 sensors.
2023-09-15 14:35:02 Retrieving sensor data from A4:C1:38:3F:C3:20
2023-09-15 14:35:09 Uploaded sensor data to database.
2023-09-15 14:35:09 Retrieving sensor data from A4:C1:38:6B:3A:E2
2023-09-15 14:40:02 Getting list of sensors...
2023-09-15 14:40:02 Found 2 sensors.
2023-09-15 14:40:02 Retrieving sensor data from A4:C1:38:3F:C3:20
2023-09-15 14:40:11 Uploaded sensor data to database.
2023-09-15 14:40:11 Retrieving sensor data from A4:C1:38:6B:3A:E2
2023-09-15 14:40:20 Uploaded sensor data to database.
2023-09-15 14:45:02 Getting list of sensors...
2023-09-15 14:45:02 Found 2 sensors.
2023-09-15 14:45:02 Retrieving sensor data from A4:C1:38:3F:C3:20
2023-09-15 14:45:13 Uploaded sensor data to database.
2023-09-15 14:45:13 Retrieving sensor data from A4:C1:38:6B:3A:E2
2023-09-15 14:45:20 Uploaded sensor data to database.
2023-09-15 14:50:02 Getting list of sensors...
2023-09-15 14:50:02 Found 2 sensors.
2023-09-15 14:50:02 Retrieving sensor data from A4:C1:38:3F:C3:20
2023-09-15 14:50:11 Uploaded sensor data to database.
2023-09-15 14:50:11 Retrieving sensor data from A4:C1:38:6B:3A:E2
2023-09-15 14:50:19 Uploaded sensor data to database.
2023-09-15 14:55:02 Getting list of sensors...
2023-09-15 14:55:02 Found 2 sensors.
2023-09-15 14:55:02 Retrieving sensor data from A4:C1:38:3F:C3:20
2023-09-15 14:55:09 Uploaded sensor data to database.
2023-09-15 14:55:09 Retrieving sensor data from A4:C1:38:6B:3A:E2
2023-09-15 14:55:16 Uploaded sensor data to database.
Device A4:C1:38:3F:C3:20 not available
Device A4:C1:38:6B:3A:E2 not available
2023-09-15 15:00:02 Getting list of sensors...
2023-09-15 15:00:02 Found 2 sensors.
2023-09-15 15:00:02 Retrieving sensor data from A4:C1:38:3F:C3:20
2023-09-15 15:00:09 Uploaded sensor data to database.
2023-09-15 15:00:09 Retrieving sensor data from A4:C1:38:6B:3A:E2
Device A4:C1:38:3F:C3:20 not available
Device A4:C1:38:6B:3A:E2 not available
2023-09-15 15:05:01 Getting list of sensors...
2023-09-15 15:05:01 Found 2 sensors.
2023-09-15 15:05:01 Retrieving sensor data from A4:C1:38:3F:C3:20
Device A4:C1:38:3F:C3:20 not available
Device A4:C1:38:6B:3A:E2 not available
2023-09-15 15:10:02 Getting list of sensors...
2023-09-15 15:10:02 Found 2 sensors.
2023-09-15 15:10:02 Retrieving sensor data from A4:C1:38:3F:C3:20
2023-09-15 15:10:10 Uploaded sensor data to database.
2023-09-15 15:10:10 Retrieving sensor data from A4:C1:38:6B:3A:E2
2023-09-15 15:10:19 Uploaded sensor data to database.
Device A4:C1:38:3F:C3:20 not available
Device A4:C1:38:6B:3A:E2 not available
2023-09-15 15:15:02 Getting list of sensors...
2023-09-15 15:15:02 Found 2 sensors.
2023-09-15 15:15:02 Retrieving sensor data from A4:C1:38:3F:C3:20
2023-09-15 15:15:08 Uploaded sensor data to database.
2023-09-15 15:15:08 Retrieving sensor data from A4:C1:38:6B:3A:E2
2023-09-15 15:15:20 Uploaded sensor data to database.
Device A4:C1:38:3F:C3:20 not available
Device A4:C1:38:6B:3A:E2 not available
2023-09-15 15:20:02 Getting list of sensors...
2023-09-15 15:20:02 Found 2 sensors.
2023-09-15 15:20:02 Retrieving sensor data from A4:C1:38:3F:C3:20
2023-09-15 15:20:10 Uploaded sensor data to database.
2023-09-15 15:20:10 Retrieving sensor data from A4:C1:38:6B:3A:E2
2023-09-15 15:20:19 Uploaded sensor data to database.
Device A4:C1:38:3F:C3:20 not available
Device A4:C1:38:6B:3A:E2 not available
2023-09-15 15:25:02 Getting list of sensors...
2023-09-15 15:25:02 Found 2 sensors.
2023-09-15 15:25:02 Retrieving sensor data from A4:C1:38:3F:C3:20
2023-09-15 15:25:12 Uploaded sensor data to database.
2023-09-15 15:25:12 Retrieving sensor data from A4:C1:38:6B:3A:E2
2023-09-15 15:25:21 Uploaded sensor data to database.
Device A4:C1:38:3F:C3:20 not available
Device A4:C1:38:6B:3A:E2 not available
2023-09-15 15:30:02 Getting list of sensors...
2023-09-15 15:30:02 Found 2 sensors.
2023-09-15 15:30:02 Retrieving sensor data from A4:C1:38:3F:C3:20
2023-09-15 15:30:09 Uploaded sensor data to database.
2023-09-15 15:30:09 Retrieving sensor data from A4:C1:38:6B:3A:E2
2023-09-15 15:30:16 Uploaded sensor data to database.
Device A4:C1:38:3F:C3:20 not available
Device A4:C1:38:6B:3A:E2 not available
2023-09-15 15:35:02 Getting list of sensors...
2023-09-15 15:35:02 Found 2 sensors.
2023-09-15 15:35:02 Retrieving sensor data from A4:C1:38:3F:C3:20
2023-09-15 15:35:11 Uploaded sensor data to database.
2023-09-15 15:35:11 Retrieving sensor data from A4:C1:38:6B:3A:E2
2023-09-15 15:35:20 Uploaded sensor data to database.
Device A4:C1:38:3F:C3:20 not available
Device A4:C1:38:6B:3A:E2 not available
2023-09-15 15:40:02 Getting list of sensors...
2023-09-15 15:40:02 Found 2 sensors.
2023-09-15 15:40:02 Retrieving sensor data from A4:C1:38:3F:C3:20
2023-09-15 15:40:09 Uploaded sensor data to database.
2023-09-15 15:40:09 Retrieving sensor data from A4:C1:38:6B:3A:E2
2023-09-15 15:40:16 Uploaded sensor data to database.
Device A4:C1:38:3F:C3:20 not available
Device A4:C1:38:6B:3A:E2 not available
2023-09-15 15:45:02 Getting list of sensors...
2023-09-15 15:45:02 Found 2 sensors.
2023-09-15 15:45:02 Retrieving sensor data from A4:C1:38:3F:C3:20
2023-09-15 15:45:09 Uploaded sensor data to database.
2023-09-15 15:45:09 Retrieving sensor data from A4:C1:38:6B:3A:E2
2023-09-15 15:45:18 Uploaded sensor data to database.
Device A4:C1:38:3F:C3:20 not available
Device A4:C1:38:6B:3A:E2 not available
2023-09-15 15:50:02 Getting list of sensors...
2023-09-15 15:50:02 Found 2 sensors.
2023-09-15 15:50:02 Retrieving sensor data from A4:C1:38:3F:C3:20
2023-09-15 15:50:09 Uploaded sensor data to database.
2023-09-15 15:50:09 Retrieving sensor data from A4:C1:38:6B:3A:E2
2023-09-15 15:50:15 Uploaded sensor data to database.
